{"/Users/shushsntghosh/SG/VS-Code/Project/task-manager-app/src/index.js": {"path":"/Users/shushsntghosh/SG/VS-Code/Project/task-manager-app/src/index.js","statementMap":{"0":{"start":{"line":1,"column":16},"end":{"line":1,"column":34}},"1":{"start":{"line":2,"column":17},"end":{"line":2,"column":36}},"2":{"start":{"line":3,"column":15},"end":{"line":3,"column":32}},"3":{"start":{"line":4,"column":18},"end":{"line":4,"column":47}},"4":{"start":{"line":5,"column":18},"end":{"line":5,"column":47}},"5":{"start":{"line":6,"column":21},"end":{"line":6,"column":45}},"6":{"start":{"line":7,"column":18},"end":{"line":7,"column":47}},"7":{"start":{"line":9,"column":0},"end":{"line":9,"column":16}},"8":{"start":{"line":11,"column":12},"end":{"line":11,"column":21}},"9":{"start":{"line":12,"column":0},"end":{"line":12,"column":24}},"10":{"start":{"line":14,"column":13},"end":{"line":14,"column":37}},"11":{"start":{"line":17,"column":26},"end":{"line":43,"column":1}},"12":{"start":{"line":45,"column":16},"end":{"line":48,"column":1}},"13":{"start":{"line":50,"column":20},"end":{"line":50,"column":41}},"14":{"start":{"line":52,"column":0},"end":{"line":52,"column":68}},"15":{"start":{"line":55,"column":0},"end":{"line":55,"column":33}},"16":{"start":{"line":56,"column":0},"end":{"line":56,"column":32}},"17":{"start":{"line":58,"column":0},"end":{"line":62,"column":3}},"18":{"start":{"line":59,"column":4},"end":{"line":61,"column":7}},"19":{"start":{"line":64,"column":0},"end":{"line":77,"column":1}},"20":{"start":{"line":65,"column":22},"end":{"line":65,"column":43}},"21":{"start":{"line":67,"column":4},"end":{"line":76,"column":5}},"22":{"start":{"line":68,"column":8},"end":{"line":75,"column":11}},"23":{"start":{"line":69,"column":12},"end":{"line":69,"column":62}},"24":{"start":{"line":70,"column":12},"end":{"line":72,"column":15}},"25":{"start":{"line":71,"column":16},"end":{"line":71,"column":65}},"26":{"start":{"line":74,"column":12},"end":{"line":74,"column":60}},"27":{"start":{"line":80,"column":0},"end":{"line":80,"column":21}}},"fnMap":{"0":{"name":"(anonymous_0)","decl":{"start":{"line":58,"column":8},"end":{"line":58,"column":9}},"loc":{"start":{"line":58,"column":28},"end":{"line":62,"column":1}},"line":58},"1":{"name":"(anonymous_1)","decl":{"start":{"line":68,"column":41},"end":{"line":68,"column":42}},"loc":{"start":{"line":68,"column":47},"end":{"line":73,"column":9}},"line":68},"2":{"name":"(anonymous_2)","decl":{"start":{"line":70,"column":29},"end":{"line":70,"column":30}},"loc":{"start":{"line":70,"column":35},"end":{"line":72,"column":13}},"line":70},"3":{"name":"(anonymous_3)","decl":{"start":{"line":73,"column":17},"end":{"line":73,"column":18}},"loc":{"start":{"line":73,"column":26},"end":{"line":75,"column":9}},"line":73}},"branchMap":{"0":{"loc":{"start":{"line":14,"column":13},"end":{"line":14,"column":37}},"type":"binary-expr","locations":[{"start":{"line":14,"column":13},"end":{"line":14,"column":29}},{"start":{"line":14,"column":33},"end":{"line":14,"column":37}}],"line":14},"1":{"loc":{"start":{"line":64,"column":0},"end":{"line":77,"column":1}},"type":"if","locations":[{"start":{"line":64,"column":0},"end":{"line":77,"column":1}},{"start":{},"end":{}}],"line":64},"2":{"loc":{"start":{"line":67,"column":4},"end":{"line":76,"column":5}},"type":"if","locations":[{"start":{"line":67,"column":4},"end":{"line":76,"column":5}},{"start":{},"end":{}}],"line":67}},"s":{"0":1,"1":1,"2":1,"3":1,"4":1,"5":1,"6":1,"7":1,"8":1,"9":1,"10":1,"11":1,"12":1,"13":1,"14":1,"15":1,"16":1,"17":1,"18":0,"19":1,"20":0,"21":0,"22":0,"23":0,"24":0,"25":0,"26":0,"27":1},"f":{"0":0,"1":0,"2":0,"3":0},"b":{"0":[1,0],"1":[0,1],"2":[0,0]},"_coverageSchema":"1a1c01bbd47fc00a2c39e90264f33305004495a9","hash":"5a6f877e62e3d8147eaf68a41bc7e0075aeab82a"}
,"/Users/shushsntghosh/SG/VS-Code/Project/task-manager-app/src/controller/taskController.js": {"path":"/Users/shushsntghosh/SG/VS-Code/Project/task-manager-app/src/controller/taskController.js","statementMap":{"0":{"start":{"line":1,"column":13},"end":{"line":1,"column":42}},"1":{"start":{"line":3,"column":15},"end":{"line":11,"column":1}},"2":{"start":{"line":4,"column":4},"end":{"line":10,"column":5}},"3":{"start":{"line":5,"column":25},"end":{"line":5,"column":43}},"4":{"start":{"line":6,"column":26},"end":{"line":6,"column":47}},"5":{"start":{"line":7,"column":8},"end":{"line":7,"column":40}},"6":{"start":{"line":9,"column":8},"end":{"line":9,"column":66}},"7":{"start":{"line":13,"column":17},"end":{"line":20,"column":1}},"8":{"start":{"line":14,"column":4},"end":{"line":19,"column":5}},"9":{"start":{"line":15,"column":25},"end":{"line":15,"column":42}},"10":{"start":{"line":16,"column":8},"end":{"line":16,"column":39}},"11":{"start":{"line":18,"column":8},"end":{"line":18,"column":66}},"12":{"start":{"line":22,"column":14},"end":{"line":35,"column":1}},"13":{"start":{"line":23,"column":4},"end":{"line":34,"column":5}},"14":{"start":{"line":24,"column":22},"end":{"line":24,"column":38}},"15":{"start":{"line":26,"column":25},"end":{"line":26,"column":61}},"16":{"start":{"line":28,"column":8},"end":{"line":30,"column":9}},"17":{"start":{"line":29,"column":12},"end":{"line":29,"column":78}},"18":{"start":{"line":31,"column":8},"end":{"line":31,"column":46}},"19":{"start":{"line":33,"column":8},"end":{"line":33,"column":66}},"20":{"start":{"line":37,"column":15},"end":{"line":52,"column":1}},"21":{"start":{"line":38,"column":4},"end":{"line":51,"column":5}},"22":{"start":{"line":39,"column":22},"end":{"line":39,"column":38}},"23":{"start":{"line":40,"column":28},"end":{"line":44,"column":9}},"24":{"start":{"line":45,"column":8},"end":{"line":47,"column":9}},"25":{"start":{"line":46,"column":12},"end":{"line":46,"column":78}},"26":{"start":{"line":48,"column":8},"end":{"line":48,"column":42}},"27":{"start":{"line":50,"column":8},"end":{"line":50,"column":66}},"28":{"start":{"line":54,"column":15},"end":{"line":65,"column":1}},"29":{"start":{"line":55,"column":4},"end":{"line":64,"column":5}},"30":{"start":{"line":56,"column":22},"end":{"line":56,"column":38}},"31":{"start":{"line":57,"column":28},"end":{"line":57,"column":73}},"32":{"start":{"line":58,"column":8},"end":{"line":60,"column":9}},"33":{"start":{"line":59,"column":12},"end":{"line":59,"column":78}},"34":{"start":{"line":61,"column":8},"end":{"line":61,"column":71}},"35":{"start":{"line":63,"column":8},"end":{"line":63,"column":66}},"36":{"start":{"line":67,"column":0},"end":{"line":73,"column":2}}},"fnMap":{"0":{"name":"(anonymous_0)","decl":{"start":{"line":3,"column":15},"end":{"line":3,"column":16}},"loc":{"start":{"line":3,"column":35},"end":{"line":11,"column":1}},"line":3},"1":{"name":"(anonymous_1)","decl":{"start":{"line":13,"column":17},"end":{"line":13,"column":18}},"loc":{"start":{"line":13,"column":37},"end":{"line":20,"column":1}},"line":13},"2":{"name":"(anonymous_2)","decl":{"start":{"line":22,"column":14},"end":{"line":22,"column":15}},"loc":{"start":{"line":22,"column":34},"end":{"line":35,"column":1}},"line":22},"3":{"name":"(anonymous_3)","decl":{"start":{"line":37,"column":15},"end":{"line":37,"column":16}},"loc":{"start":{"line":37,"column":35},"end":{"line":52,"column":1}},"line":37},"4":{"name":"(anonymous_4)","decl":{"start":{"line":54,"column":15},"end":{"line":54,"column":16}},"loc":{"start":{"line":54,"column":35},"end":{"line":65,"column":1}},"line":54}},"branchMap":{"0":{"loc":{"start":{"line":28,"column":8},"end":{"line":30,"column":9}},"type":"if","locations":[{"start":{"line":28,"column":8},"end":{"line":30,"column":9}},{"start":{},"end":{}}],"line":28},"1":{"loc":{"start":{"line":45,"column":8},"end":{"line":47,"column":9}},"type":"if","locations":[{"start":{"line":45,"column":8},"end":{"line":47,"column":9}},{"start":{},"end":{}}],"line":45},"2":{"loc":{"start":{"line":58,"column":8},"end":{"line":60,"column":9}},"type":"if","locations":[{"start":{"line":58,"column":8},"end":{"line":60,"column":9}},{"start":{},"end":{}}],"line":58}},"s":{"0":1,"1":1,"2":2,"3":2,"4":2,"5":2,"6":0,"7":1,"8":1,"9":1,"10":1,"11":0,"12":1,"13":1,"14":1,"15":1,"16":1,"17":0,"18":1,"19":0,"20":1,"21":1,"22":1,"23":1,"24":1,"25":0,"26":1,"27":0,"28":1,"29":1,"30":1,"31":1,"32":1,"33":0,"34":1,"35":0,"36":1},"f":{"0":2,"1":1,"2":1,"3":1,"4":1},"b":{"0":[0,1],"1":[0,1],"2":[0,1]},"_coverageSchema":"1a1c01bbd47fc00a2c39e90264f33305004495a9","hash":"a3c931015c003cfa887655ee3297ee7d15c6d019"}
,"/Users/shushsntghosh/SG/VS-Code/Project/task-manager-app/src/controller/userController.js": {"path":"/Users/shushsntghosh/SG/VS-Code/Project/task-manager-app/src/controller/userController.js","statementMap":{"0":{"start":{"line":1,"column":13},"end":{"line":1,"column":42}},"1":{"start":{"line":2,"column":15},"end":{"line":2,"column":34}},"2":{"start":{"line":3,"column":12},"end":{"line":3,"column":35}},"3":{"start":{"line":5,"column":21},"end":{"line":26,"column":1}},"4":{"start":{"line":6,"column":4},"end":{"line":25,"column":5}},"5":{"start":{"line":7,"column":39},"end":{"line":7,"column":47}},"6":{"start":{"line":11,"column":29},"end":{"line":11,"column":61}},"7":{"start":{"line":12,"column":8},"end":{"line":12,"column":90}},"8":{"start":{"line":12,"column":26},"end":{"line":12,"column":90}},"9":{"start":{"line":15,"column":21},"end":{"line":15,"column":45}},"10":{"start":{"line":16,"column":31},"end":{"line":16,"column":64}},"11":{"start":{"line":19,"column":24},"end":{"line":19,"column":72}},"12":{"start":{"line":20,"column":8},"end":{"line":20,"column":29}},"13":{"start":{"line":22,"column":8},"end":{"line":22,"column":74}},"14":{"start":{"line":24,"column":8},"end":{"line":24,"column":57}},"15":{"start":{"line":28,"column":18},"end":{"line":48,"column":1}},"16":{"start":{"line":29,"column":4},"end":{"line":47,"column":5}},"17":{"start":{"line":30,"column":39},"end":{"line":30,"column":47}},"18":{"start":{"line":32,"column":21},"end":{"line":32,"column":53}},"19":{"start":{"line":33,"column":8},"end":{"line":33,"column":83}},"20":{"start":{"line":33,"column":19},"end":{"line":33,"column":83}},"21":{"start":{"line":35,"column":24},"end":{"line":35,"column":69}},"22":{"start":{"line":36,"column":8},"end":{"line":36,"column":86}},"23":{"start":{"line":36,"column":22},"end":{"line":36,"column":86}},"24":{"start":{"line":38,"column":22},"end":{"line":42,"column":9}},"25":{"start":{"line":44,"column":8},"end":{"line":44,"column":40}},"26":{"start":{"line":46,"column":8},"end":{"line":46,"column":57}},"27":{"start":{"line":50,"column":0},"end":{"line":53,"column":2}}},"fnMap":{"0":{"name":"(anonymous_0)","decl":{"start":{"line":5,"column":21},"end":{"line":5,"column":22}},"loc":{"start":{"line":5,"column":41},"end":{"line":26,"column":1}},"line":5},"1":{"name":"(anonymous_1)","decl":{"start":{"line":28,"column":18},"end":{"line":28,"column":19}},"loc":{"start":{"line":28,"column":38},"end":{"line":48,"column":1}},"line":28}},"branchMap":{"0":{"loc":{"start":{"line":12,"column":8},"end":{"line":12,"column":90}},"type":"if","locations":[{"start":{"line":12,"column":8},"end":{"line":12,"column":90}},{"start":{},"end":{}}],"line":12},"1":{"loc":{"start":{"line":33,"column":8},"end":{"line":33,"column":83}},"type":"if","locations":[{"start":{"line":33,"column":8},"end":{"line":33,"column":83}},{"start":{},"end":{}}],"line":33},"2":{"loc":{"start":{"line":36,"column":8},"end":{"line":36,"column":86}},"type":"if","locations":[{"start":{"line":36,"column":8},"end":{"line":36,"column":86}},{"start":{},"end":{}}],"line":36}},"s":{"0":1,"1":1,"2":1,"3":1,"4":1,"5":1,"6":1,"7":1,"8":0,"9":1,"10":1,"11":1,"12":1,"13":1,"14":0,"15":1,"16":1,"17":1,"18":1,"19":1,"20":0,"21":1,"22":1,"23":0,"24":1,"25":1,"26":0,"27":1},"f":{"0":1,"1":1},"b":{"0":[0,1],"1":[0,1],"2":[0,1]},"_coverageSchema":"1a1c01bbd47fc00a2c39e90264f33305004495a9","hash":"a41885938993e7461059689763d09aaf0a322b8f"}
,"/Users/shushsntghosh/SG/VS-Code/Project/task-manager-app/src/middleware/authMiddleware.js": {"path":"/Users/shushsntghosh/SG/VS-Code/Project/task-manager-app/src/middleware/authMiddleware.js","statementMap":{"0":{"start":{"line":1,"column":12},"end":{"line":1,"column":35}},"1":{"start":{"line":3,"column":23},"end":{"line":17,"column":1}},"2":{"start":{"line":4,"column":18},"end":{"line":4,"column":69}},"3":{"start":{"line":6,"column":4},"end":{"line":8,"column":5}},"4":{"start":{"line":7,"column":8},"end":{"line":7,"column":66}},"5":{"start":{"line":10,"column":4},"end":{"line":16,"column":5}},"6":{"start":{"line":11,"column":25},"end":{"line":11,"column":66}},"7":{"start":{"line":12,"column":8},"end":{"line":12,"column":28}},"8":{"start":{"line":13,"column":8},"end":{"line":13,"column":15}},"9":{"start":{"line":15,"column":8},"end":{"line":15,"column":59}},"10":{"start":{"line":19,"column":0},"end":{"line":19,"column":32}}},"fnMap":{"0":{"name":"(anonymous_0)","decl":{"start":{"line":3,"column":23},"end":{"line":3,"column":24}},"loc":{"start":{"line":3,"column":43},"end":{"line":17,"column":1}},"line":3}},"branchMap":{"0":{"loc":{"start":{"line":6,"column":4},"end":{"line":8,"column":5}},"type":"if","locations":[{"start":{"line":6,"column":4},"end":{"line":8,"column":5}},{"start":{},"end":{}}],"line":6}},"s":{"0":1,"1":1,"2":6,"3":6,"4":0,"5":6,"6":6,"7":6,"8":6,"9":0,"10":1},"f":{"0":6},"b":{"0":[0,6]},"_coverageSchema":"1a1c01bbd47fc00a2c39e90264f33305004495a9","hash":"8e80d93af300a5dfc8da26e6335badbe19a5e3c2"}
,"/Users/shushsntghosh/SG/VS-Code/Project/task-manager-app/src/model/taskModel.js": {"path":"/Users/shushsntghosh/SG/VS-Code/Project/task-manager-app/src/model/taskModel.js","statementMap":{"0":{"start":{"line":1,"column":17},"end":{"line":1,"column":36}},"1":{"start":{"line":3,"column":19},"end":{"line":17,"column":2}},"2":{"start":{"line":19,"column":0},"end":{"line":19,"column":52}}},"fnMap":{},"branchMap":{},"s":{"0":1,"1":1,"2":1},"f":{},"b":{},"_coverageSchema":"1a1c01bbd47fc00a2c39e90264f33305004495a9","hash":"486501ac253ff8a38f1ec7387ca9b80ad6c2f64a"}
,"/Users/shushsntghosh/SG/VS-Code/Project/task-manager-app/src/model/userModel.js": {"path":"/Users/shushsntghosh/SG/VS-Code/Project/task-manager-app/src/model/userModel.js","statementMap":{"0":{"start":{"line":1,"column":17},"end":{"line":1,"column":36}},"1":{"start":{"line":3,"column":19},"end":{"line":6,"column":2}},"2":{"start":{"line":8,"column":13},"end":{"line":8,"column":47}},"3":{"start":{"line":10,"column":0},"end":{"line":10,"column":22}}},"fnMap":{},"branchMap":{},"s":{"0":1,"1":1,"2":1,"3":1},"f":{},"b":{},"_coverageSchema":"1a1c01bbd47fc00a2c39e90264f33305004495a9","hash":"eeb7e1041c546c5dbf7b61764a701ca7d8e95b41"}
,"/Users/shushsntghosh/SG/VS-Code/Project/task-manager-app/src/routes/taskRoute.js": {"path":"/Users/shushsntghosh/SG/VS-Code/Project/task-manager-app/src/routes/taskRoute.js","statementMap":{"0":{"start":{"line":1,"column":16},"end":{"line":1,"column":34}},"1":{"start":{"line":2,"column":52},"end":{"line":2,"column":91}},"2":{"start":{"line":3,"column":23},"end":{"line":3,"column":62}},"3":{"start":{"line":5,"column":14},"end":{"line":5,"column":30}},"4":{"start":{"line":28,"column":0},"end":{"line":28,"column":50}},"5":{"start":{"line":42,"column":0},"end":{"line":42,"column":49}},"6":{"start":{"line":72,"column":0},"end":{"line":72,"column":46}},"7":{"start":{"line":106,"column":0},"end":{"line":106,"column":52}},"8":{"start":{"line":129,"column":0},"end":{"line":129,"column":55}},"9":{"start":{"line":131,"column":0},"end":{"line":131,"column":23}}},"fnMap":{},"branchMap":{},"s":{"0":1,"1":1,"2":1,"3":1,"4":1,"5":1,"6":1,"7":1,"8":1,"9":1},"f":{},"b":{},"_coverageSchema":"1a1c01bbd47fc00a2c39e90264f33305004495a9","hash":"b2066d87857805d82a9c1a0189ee1a6f4a54eec3"}
,"/Users/shushsntghosh/SG/VS-Code/Project/task-manager-app/src/routes/userRoute.js": {"path":"/Users/shushsntghosh/SG/VS-Code/Project/task-manager-app/src/routes/userRoute.js","statementMap":{"0":{"start":{"line":1,"column":16},"end":{"line":1,"column":34}},"1":{"start":{"line":2,"column":15},"end":{"line":2,"column":31}},"2":{"start":{"line":3,"column":36},"end":{"line":3,"column":75}},"3":{"start":{"line":35,"column":0},"end":{"line":35,"column":39}},"4":{"start":{"line":67,"column":0},"end":{"line":67,"column":33}},"5":{"start":{"line":69,"column":0},"end":{"line":69,"column":24}}},"fnMap":{},"branchMap":{},"s":{"0":1,"1":1,"2":1,"3":1,"4":1,"5":1},"f":{},"b":{},"_coverageSchema":"1a1c01bbd47fc00a2c39e90264f33305004495a9","hash":"f48637d6774ae3a23983e09ed393a5df8cdd2add"}
}
