TN:
SF:src/index.js
FN:58,(anonymous_0)
FN:68,(anonymous_1)
FN:70,(anonymous_2)
FN:73,(anonymous_3)
FNF:4
FNH:0
FNDA:0,(anonymous_0)
FNDA:0,(anonymous_1)
FNDA:0,(anonymous_2)
FNDA:0,(anonymous_3)
DA:1,1
DA:2,1
DA:3,1
DA:4,1
DA:5,1
DA:6,1
DA:7,1
DA:9,1
DA:11,1
DA:12,1
DA:14,1
DA:17,1
DA:45,1
DA:50,1
DA:52,1
DA:55,1
DA:56,1
DA:58,1
DA:59,0
DA:64,1
DA:65,0
DA:67,0
DA:68,0
DA:69,0
DA:70,0
DA:71,0
DA:74,0
DA:80,1
LF:28
LH:20
BRDA:14,0,0,1
BRDA:14,0,1,0
BRDA:64,1,0,0
BRDA:64,1,1,1
BRDA:67,2,0,0
BRDA:67,2,1,0
BRF:6
BRH:2
end_of_record
TN:
SF:src/controller/taskController.js
FN:3,(anonymous_0)
FN:13,(anonymous_1)
FN:22,(anonymous_2)
FN:37,(anonymous_3)
FN:54,(anonymous_4)
FNF:5
FNH:5
FNDA:2,(anonymous_0)
FNDA:1,(anonymous_1)
FNDA:1,(anonymous_2)
FNDA:1,(anonymous_3)
FNDA:1,(anonymous_4)
DA:1,1
DA:3,1
DA:4,2
DA:5,2
DA:6,2
DA:7,2
DA:9,0
DA:13,1
DA:14,1
DA:15,1
DA:16,1
DA:18,0
DA:22,1
DA:23,1
DA:24,1
DA:26,1
DA:28,1
DA:29,0
DA:31,1
DA:33,0
DA:37,1
DA:38,1
DA:39,1
DA:40,1
DA:45,1
DA:46,0
DA:48,1
DA:50,0
DA:54,1
DA:55,1
DA:56,1
DA:57,1
DA:58,1
DA:59,0
DA:61,1
DA:63,0
DA:67,1
LF:37
LH:29
BRDA:28,0,0,0
BRDA:28,0,1,1
BRDA:45,1,0,0
BRDA:45,1,1,1
BRDA:58,2,0,0
BRDA:58,2,1,1
BRF:6
BRH:3
end_of_record
TN:
SF:src/controller/userController.js
FN:5,(anonymous_0)
FN:28,(anonymous_1)
FNF:2
FNH:2
FNDA:1,(anonymous_0)
FNDA:1,(anonymous_1)
DA:1,1
DA:2,1
DA:3,1
DA:5,1
DA:6,1
DA:7,1
DA:11,1
DA:12,1
DA:15,1
DA:16,1
DA:19,1
DA:20,1
DA:22,1
DA:24,0
DA:28,1
DA:29,1
DA:30,1
DA:32,1
DA:33,1
DA:35,1
DA:36,1
DA:38,1
DA:44,1
DA:46,0
DA:50,1
LF:25
LH:23
BRDA:12,0,0,0
BRDA:12,0,1,1
BRDA:33,1,0,0
BRDA:33,1,1,1
BRDA:36,2,0,0
BRDA:36,2,1,1
BRF:6
BRH:3
end_of_record
TN:
SF:src/middleware/authMiddleware.js
FN:3,(anonymous_0)
FNF:1
FNH:1
FNDA:6,(anonymous_0)
DA:1,1
DA:3,1
DA:4,6
DA:6,6
DA:7,0
DA:10,6
DA:11,6
DA:12,6
DA:13,6
DA:15,0
DA:19,1
LF:11
LH:9
BRDA:6,0,0,0
BRDA:6,0,1,6
BRF:2
BRH:1
end_of_record
TN:
SF:src/model/taskModel.js
FNF:0
FNH:0
DA:1,1
DA:3,1
DA:19,1
LF:3
LH:3
BRF:0
BRH:0
end_of_record
TN:
SF:src/model/userModel.js
FNF:0
FNH:0
DA:1,1
DA:3,1
DA:8,1
DA:10,1
LF:4
LH:4
BRF:0
BRH:0
end_of_record
TN:
SF:src/routes/taskRoute.js
FNF:0
FNH:0
DA:1,1
DA:2,1
DA:3,1
DA:5,1
DA:28,1
DA:42,1
DA:72,1
DA:106,1
DA:129,1
DA:131,1
LF:10
LH:10
BRF:0
BRH:0
end_of_record
TN:
SF:src/routes/userRoute.js
FNF:0
FNH:0
DA:1,1
DA:2,1
DA:3,1
DA:35,1
DA:67,1
DA:69,1
LF:6
LH:6
BRF:0
BRH:0
end_of_record
